01:29:49 **** Build of configuration Debug for project juegoDeLaVida ****
make all 
Building file: ../src/datosTurno.cpp
Invoking: GCC C++ Compiler
g++ -O0 -g3 -Wall -c -fmessage-length=0 -MMD -MP -MF"src/datosTurno.d" -MT"src/datosTurno.d" -o "src/datosTurno.o" "../src/datosTurno.cpp"
Finished building: ../src/datosTurno.cpp
 
Building file: ../src/principal.cpp
Invoking: GCC C++ Compiler
g++ -O0 -g3 -Wall -c -fmessage-length=0 -MMD -MP -MF"src/principal.d" -MT"src/principal.d" -o "src/principal.o" "../src/principal.cpp"
Finished building: ../src/principal.cpp
 
Building file: ../src/tableroMatriz.cpp
Invoking: GCC C++ Compiler
g++ -O0 -g3 -Wall -c -fmessage-length=0 -MMD -MP -MF"src/tableroMatriz.d" -MT"src/tableroMatriz.d" -o "src/tableroMatriz.o" "../src/tableroMatriz.cpp"
Finished building: ../src/tableroMatriz.cpp
 
Building target: juegoDeLaVida
Invoking: GCC C++ Linker
g++  -o "juegoDeLaVida"  ./src/datosTurno.o ./src/principal.o ./src/tableroMatriz.o   
./src/principal.o:(.bss+0x3200): definiciones múltiples de `datos'
makefile:45: fallo en las instrucciones para el objetivo 'juegoDeLaVida'
./src/datosTurno.o:(.bss+0x0): primero se definió aquí
./src/principal.o:(.bss+0x321c): definiciones múltiples de `promedioNacidas'
./src/datosTurno.o:/home/algo2/workspace/juegoDeLaVida/Debug/../src/datosTurno.cpp:16: primero se definió aquí
./src/principal.o:(.bss+0x3220): definiciones múltiples de `promedioMuertas'
./src/datosTurno.o:/home/algo2/workspace/juegoDeLaVida/Debug/../src/datosTurno.cpp:16: primero se definió aquí
./src/principal.o:(.bss+0x3224): definiciones múltiples de `deseo'
./src/datosTurno.o:/home/algo2/workspace/juegoDeLaVida/Debug/../src/datosTurno.cpp:17: primero se definió aquí
./src/principal.o:(.bss+0x3228): definiciones múltiples de `sigTurno'
./src/datosTurno.o:/home/algo2/workspace/juegoDeLaVida/Debug/../src/datosTurno.cpp:17: primero se definió aquí
./src/tableroMatriz.o:(.data+0x0): definiciones múltiples de `tablero'
./src/principal.o:/home/algo2/workspace/juegoDeLaVida/Debug/../src/principal.cpp:22: primero se definió aquí
./src/tableroMatriz.o: En la función `inicializar(Celula**, Tablero)':
/home/algo2/workspace/juegoDeLaVida/Debug/../src/tableroMatriz.cpp:13: definiciones múltiples de `matriz'
./src/principal.o:/home/algo2/workspace/juegoDeLaVida/Debug/../src/principal.cpp:22: primero se definió aquí
collect2: error: ld returned 1 exit status
make: *** [juegoDeLaVida] Error 1
01:32:26 **** Incremental Build of configuration Debug for project juegoDeLaVida ****
make all 
Building file: ../src/principal.cpp
Invoking: GCC C++ Compiler
g++ -O0 -g3 -Wall -c -fmessage-length=0 -MMD -MP -MF"src/principal.d" -MT"src/principal.d" -o "src/principal.o" "../src/principal.cpp"
Finished building: ../src/principal.cpp
 
Building file: ../src/tableroMatriz.cpp
Invoking: GCC C++ Compiler
g++ -O0 -g3 -Wall -c -fmessage-length=0 -MMD -MP -MF"src/tableroMatriz.d" -MT"src/tableroMatriz.d" -o "src/tableroMatriz.o" "../src/tableroMatriz.cpp"
Finished building: ../src/tableroMatriz.cpp
 
Building target: juegoDeLaVida
Invoking: GCC C++ Linker
g++  -o "juegoDeLaVida"  ./src/datosTurno.o ./src/principal.o ./src/tableroMatriz.o   
./src/principal.o:(.bss+0x320c): definiciones múltiples de `datos'
./src/datosTurno.o:(.bss+0x0): primero se definió aquí
./src/principal.o:(.bss+0x3228): definiciones múltiples de `promedioNacidas'
./src/datosTurno.o:/home/algo2/workspace/juegoDeLaVida/Debug/../src/datosTurno.cpp:16: primero se definió aquí
makefile:45: fallo en las instrucciones para el objetivo 'juegoDeLaVida'
./src/principal.o:(.bss+0x322c): definiciones múltiples de `promedioMuertas'
./src/datosTurno.o:/home/algo2/workspace/juegoDeLaVida/Debug/../src/datosTurno.cpp:16: primero se definió aquí
./src/principal.o:(.bss+0x3230): definiciones múltiples de `deseo'
./src/datosTurno.o:/home/algo2/workspace/juegoDeLaVida/Debug/../src/datosTurno.cpp:17: primero se definió aquí
./src/principal.o:(.bss+0x3234): definiciones múltiples de `sigTurno'
./src/datosTurno.o:/home/algo2/workspace/juegoDeLaVida/Debug/../src/datosTurno.cpp:17: primero se definió aquí
./src/tableroMatriz.o:(.data+0x0): definiciones múltiples de `tablero'
./src/principal.o:/home/algo2/workspace/juegoDeLaVida/Debug/../src/principal.cpp:22: primero se definió aquí
./src/tableroMatriz.o: En la función `inicializar(Celula**, Tablero)':
/home/algo2/workspace/juegoDeLaVida/Debug/../src/tableroMatriz.cpp:13: definiciones múltiples de `matriz'
./src/principal.o:/home/algo2/workspace/juegoDeLaVida/Debug/../src/principal.cpp:22: primero se definió aquí
./src/tableroMatriz.o:(.bss+0x3200): definiciones múltiples de `otra'
./src/principal.o:(.bss+0x3200): primero se definió aquí
./src/tableroMatriz.o:(.bss+0x3204): definiciones múltiples de `fila_celula'
./src/principal.o:(.bss+0x3204): primero se definió aquí
./src/tableroMatriz.o:(.bss+0x3208): definiciones múltiples de `columna_celula'
./src/principal.o:(.bss+0x3208): primero se definió aquí
collect2: error: ld returned 1 exit status
make: *** [juegoDeLaVida] Error 1
01:33:08 **** Incremental Build of configuration Debug for project juegoDeLaVida ****
make all 
Building file: ../src/principal.cpp
Invoking: GCC C++ Compiler
g++ -O0 -g3 -Wall -c -fmessage-length=0 -MMD -MP -MF"src/principal.d" -MT"src/principal.d" -o "src/principal.o" "../src/principal.cpp"
Finished building: ../src/principal.cpp
 
Building target: juegoDeLaVida
Invoking: GCC C++ Linker
g++  -o "juegoDeLaVida"  ./src/datosTurno.o ./src/principal.o ./src/tableroMatriz.o   
./src/principal.o:(.bss+0x320c): definiciones múltiples de `datos'
./src/datosTurno.o:(.bss+0x0): primero se definió aquí
./src/principal.o:(.bss+0x3228): definiciones múltiples de `promedioNacidas'
./src/datosTurno.o:/home/algo2/workspace/juegoDeLaVida/Debug/../src/datosTurno.cpp:16: primero se definió aquí
./src/principal.o:(.bss+0x322c): definiciones múltiples de `promedioMuertas'
./src/datosTurno.o:/home/algo2/workspace/juegoDeLaVida/Debug/../src/datosTurno.cpp:16: primero se definió aquí
makefile:45: fallo en las instrucciones para el objetivo 'juegoDeLaVida'
./src/principal.o:(.bss+0x3230): definiciones múltiples de `deseo'
./src/datosTurno.o:/home/algo2/workspace/juegoDeLaVida/Debug/../src/datosTurno.cpp:17: primero se definió aquí
./src/principal.o:(.bss+0x3234): definiciones múltiples de `sigTurno'
./src/datosTurno.o:/home/algo2/workspace/juegoDeLaVida/Debug/../src/datosTurno.cpp:17: primero se definió aquí
./src/principal.o: En la función `mostrarDatos(Informacion*)':
/home/algo2/workspace/juegoDeLaVida/Debug/../src/datosTurno.cpp:13: definiciones múltiples de `mostrarDatos(Informacion*)'
./src/datosTurno.o:/home/algo2/workspace/juegoDeLaVida/Debug/../src/datosTurno.cpp:13: primero se definió aquí
./src/principal.o: En la función `preguntar()':
/home/algo2/workspace/juegoDeLaVida/Debug/../src/datosTurno.cpp:35: definiciones múltiples de `preguntar()'
./src/datosTurno.o:/home/algo2/workspace/juegoDeLaVida/Debug/../src/datosTurno.cpp:35: primero se definió aquí
./src/tableroMatriz.o:(.data+0x0): definiciones múltiples de `tablero'
./src/principal.o:/home/algo2/workspace/juegoDeLaVida/Debug/../src/tableroMatriz.cpp:13: primero se definió aquí
./src/tableroMatriz.o: En la función `inicializar(Celula**, Tablero)':
/home/algo2/workspace/juegoDeLaVida/Debug/../src/tableroMatriz.cpp:13: definiciones múltiples de `matriz'
./src/principal.o:/home/algo2/workspace/juegoDeLaVida/Debug/../src/tableroMatriz.cpp:13: primero se definió aquí
./src/tableroMatriz.o:(.bss+0x3200): definiciones múltiples de `otra'
./src/principal.o:(.bss+0x3200): primero se definió aquí
./src/tableroMatriz.o:(.bss+0x3204): definiciones múltiples de `fila_celula'
./src/principal.o:(.bss+0x3204): primero se definió aquí
./src/tableroMatriz.o:(.bss+0x3208): definiciones múltiples de `columna_celula'
./src/principal.o:(.bss+0x3208): primero se definió aquí
./src/tableroMatriz.o: En la función `inicializar(Celula**, Tablero)':
/home/algo2/workspace/juegoDeLaVida/Debug/../src/tableroMatriz.cpp:13: definiciones múltiples de `inicializar(Celula**, Tablero)'
./src/principal.o:/home/algo2/workspace/juegoDeLaVida/Debug/../src/tableroMatriz.cpp:13: primero se definió aquí
./src/tableroMatriz.o: En la función `ingresarCelulas(Celula**, Tablero)':
/home/algo2/workspace/juegoDeLaVida/Debug/../src/tableroMatriz.cpp:48: definiciones múltiples de `ingresarCelulas(Celula**, Tablero)'
./src/principal.o:/home/algo2/workspace/juegoDeLaVida/Debug/../src/tableroMatriz.cpp:48: primero se definió aquí
./src/tableroMatriz.o: En la función `imprimirMatriz(Celula**, Tablero)':
/home/algo2/workspace/juegoDeLaVida/Debug/../src/tableroMatriz.cpp:88: definiciones múltiples de `imprimirMatriz(Celula**, Tablero)'
./src/principal.o:/home/algo2/workspace/juegoDeLaVida/Debug/../src/tableroMatriz.cpp:88: primero se definió aquí
collect2: error: ld returned 1 exit status
make: *** [juegoDeLaVida] Error 1
01:33:37 **** Incremental Build of configuration Debug for project juegoDeLaVida ****
make all 
Building file: ../src/principal.cpp
Invoking: GCC C++ Compiler
g++ -O0 -g3 -Wall -c -fmessage-length=0 -MMD -MP -MF"src/principal.d" -MT"src/principal.d" -o "src/principal.o" "../src/principal.cpp"
Finished building: ../src/principal.cpp
 
Building target: juegoDeLaVida
Invoking: GCC C++ Linker
g++  -o "juegoDeLaVida"  ./src/datosTurno.o ./src/principal.o ./src/tableroMatriz.o   
./src/principal.o:(.bss+0x320c): definiciones múltiples de `datos'
./src/datosTurno.o:(.bss+0x0): primero se definió aquí
./src/principal.o:(.bss+0x3228): definiciones múltiples de `promedioNacidas'
./src/datosTurno.o:/home/algo2/workspace/juegoDeLaVida/Debug/../src/datosTurno.cpp:16: primero se definió aquí
./src/principal.o:(.bss+0x322c): definiciones múltiples de `promedioMuertas'
./src/datosTurno.o:/home/algo2/workspace/juegoDeLaVida/Debug/../src/datosTurno.cpp:16: primero se definió aquí
./src/principal.o:(.bss+0x3230): definiciones múltiples de `deseo'
./src/datosTurno.o:/home/algo2/workspace/juegoDeLaVida/Debug/../src/datosTurno.cpp:17: primero se definió aquí
./src/principal.o:(.bss+0x3234): definiciones múltiples de `sigTurno'
./src/datosTurno.o:/home/algo2/workspace/juegoDeLaVida/Debug/../src/datosTurno.cpp:17: primero se definió aquí
./src/tableroMatriz.o:(.data+0x0): definiciones múltiples de `tablero'
./src/principal.o:/home/algo2/workspace/juegoDeLaVida/Debug/../src/principal.cpp:22: primero se definió aquí
./src/tableroMatriz.o: En la función `inicializar(Celula**, Tablero)':
/home/algo2/workspace/juegoDeLaVida/Debug/../src/tableroMatriz.cpp:13: definiciones múltiples de `matriz'
./src/principal.o:/home/algo2/workspace/juegoDeLaVida/Debug/../src/principal.cpp:22: primero se definió aquí
./src/tableroMatriz.o:(.bss+0x3200): definiciones múltiples de `otra'
./src/principal.o:(.bss+0x3200): primero se definió aquí
./src/tableroMatriz.o:(.bss+0x3204): definiciones múltiples de `fila_celula'
./src/principal.o:(.bss+0x3204): primero se definió aquí
./src/tableroMatriz.o:(.bss+0x3208): definiciones múltiples de `columna_celula'
./src/principal.o:(.bss+0x3208): primero se definió aquí
collect2: error: ld returned 1 exit status
make: *** [juegoDeLaVida] Error 1
makefile:45: fallo en las instrucciones para el objetivo 'juegoDeLaVida'
01:35:33 **** Incremental Build of configuration Debug for project juegoDeLaVida ****
make all 
Building file: ../src/datosTurno.cpp
Invoking: GCC C++ Compiler
g++ -O0 -g3 -Wall -c -fmessage-length=0 -MMD -MP -MF"src/datosTurno.d" -MT"src/datosTurno.d" -o "src/datosTurno.o" "../src/datosTurno.cpp"
In file included from ../src/datosTurno.cpp:8:0:
../src/datosTurno.h:11:19: error: variable or field ‘mostrarDatos’ declared void
 void mostrarDatos(Informacion* datos);
                   ^
../src/datosTurno.h:11:19: error: ‘Informacion’ was not declared in this scope
../src/datosTurno.h:11:32: error: ‘datos’ was not declared in this scope
 void mostrarDatos(Informacion* datos);
                                ^
../src/datosTurno.h:13:1: error: ‘SiguienteTurno’ does not name a type
 SiguienteTurno preguntar();
 ^
src/subdir.mk:24: fallo en las instrucciones para el objetivo 'src/datosTurno.o'
make: *** [src/datosTurno.o] Error 1
01:36:34 **** Incremental Build of configuration Debug for project juegoDeLaVida ****
make all 
Building file: ../src/datosTurno.cpp
Invoking: GCC C++ Compiler
g++ -O0 -g3 -Wall -c -fmessage-length=0 -MMD -MP -MF"src/datosTurno.d" -MT"src/datosTurno.d" -o "src/datosTurno.o" "../src/datosTurno.cpp"
Finished building: ../src/datosTurno.cpp
 
Building file: ../src/principal.cpp
Invoking: GCC C++ Compiler
g++ -O0 -g3 -Wall -c -fmessage-length=0 -MMD -MP -MF"src/principal.d" -MT"src/principal.d" -o "src/principal.o" "../src/principal.cpp"
In file included from ../src/principal.cpp:13:0:
../src/tableroMatriz.h:11:18: error: variable or field ‘inicializar’ declared void
 void inicializar(Celula** matriz, Tablero tablero);
                  ^
../src/tableroMatriz.h:11:18: error: ‘Celula’ was not declared in this scope
../src/tableroMatriz.h:11:27: error: ‘matriz’ was not declared in this scope
 void inicializar(Celula** matriz, Tablero tablero);
                           ^
../src/tableroMatriz.h:11:35: error: ‘Tablero’ was not declared in this scope
 void inicializar(Celula** matriz, Tablero tablero);
                                   ^
../src/tableroMatriz.h:12:22: error: variable or field ‘ingresarCelulas’ declared void
 void ingresarCelulas(Celula** matriz, Tablero tablero);
                      ^
../src/tableroMatriz.h:12:22: error: ‘Celula’ was not declared in this scope
../src/tableroMatriz.h:12:31: error: ‘matriz’ was not declared in this scope
 void ingresarCelulas(Celula** matriz, Tablero tablero);
                               ^
../src/tableroMatriz.h:12:39: error: ‘Tablero’ was not declared in this scope
 void ingresarCelulas(Celula** matriz, Tablero tablero);
                                       ^
../src/tableroMatriz.h:13:21: error: variable or field ‘imprimirMatriz’ declared void
 void imprimirMatriz(Celula** matriz, Tablero tablero);
                     ^
../src/tableroMatriz.h:13:21: error: ‘Celula’ was not declared in this scope
../src/tableroMatriz.h:13:30: error: ‘matriz’ was not declared in this scope
src/subdir.mk:24: fallo en las instrucciones para el objetivo 'src/principal.o'
 void imprimirMatriz(Celula** matriz, Tablero tablero);
                              ^
../src/tableroMatriz.h:13:38: error: ‘Tablero’ was not declared in this scope
 void imprimirMatriz(Celula** matriz, Tablero tablero);
                                      ^
../src/principal.cpp: In function ‘int main()’:
../src/principal.cpp:37:31: error: ‘inicializar’ was not declared in this scope
  inicializar(ppmatriz, tablero);
                               ^
../src/principal.cpp:41:35: error: ‘ingresarCelulas’ was not declared in this scope
  ingresarCelulas(ppmatriz, tablero);
                                   ^
../src/principal.cpp:47:34: error: ‘imprimirMatriz’ was not declared in this scope
  imprimirMatriz(ppmatriz, tablero);
                                  ^
make: *** [src/principal.o] Error 1
